c:\users\mizuno\documents\visual studio 2013\projects\locationprivacy\utils\debug\utils.pch
c:\users\mizuno\documents\visual studio 2013\projects\locationprivacy\utils\debug\vc120.pdb
c:\users\mizuno\documents\visual studio 2013\projects\locationprivacy\utils\debug\vc120.idb
c:\users\mizuno\documents\visual studio 2013\projects\locationprivacy\utils\debug\stdafx.obj
c:\users\mizuno\documents\visual studio 2013\projects\locationprivacy\utils\debug\angleutility.obj
c:\users\mizuno\documents\visual studio 2013\projects\locationprivacy\utils\debug\identifiablecollection.obj
c:\users\mizuno\documents\visual studio 2013\projects\locationprivacy\utils\debug\probability.obj
c:\users\mizuno\documents\visual studio 2013\projects\locationprivacy\utils\debug\utils.obj
c:\users\mizuno\documents\visual studio 2013\projects\locationprivacy\utils\debug\vector2d.obj
c:\users\mizuno\documents\visual studio 2013\projects\locationprivacy\utils\debug\edge.obj
c:\users\mizuno\documents\visual studio 2013\projects\locationprivacy\utils\debug\node.obj
c:\users\mizuno\documents\visual studio 2013\projects\locationprivacy\utils\debug\dllmain.obj
c:\users\mizuno\documents\visual studio 2013\projects\locationprivacy\utils\debug\nodemanager.obj
c:\users\mizuno\documents\visual studio 2013\projects\locationprivacy\debug\utils.ilk
c:\users\mizuno\documents\visual studio 2013\projects\locationprivacy\debug\utils.dll
c:\users\mizuno\documents\visual studio 2013\projects\locationprivacy\debug\utils.pdb
c:\users\mizuno\documents\visual studio 2013\projects\locationprivacy\debug\utils.lib
c:\users\mizuno\documents\visual studio 2013\projects\locationprivacy\debug\utils.exp
c:\users\mizuno\documents\visual studio 2013\projects\locationprivacy\utils\debug\utils.tlog\cl.command.1.tlog
c:\users\mizuno\documents\visual studio 2013\projects\locationprivacy\utils\debug\utils.tlog\cl.read.1.tlog
c:\users\mizuno\documents\visual studio 2013\projects\locationprivacy\utils\debug\utils.tlog\cl.write.1.tlog
c:\users\mizuno\documents\visual studio 2013\projects\locationprivacy\utils\debug\utils.tlog\link.command.1.tlog
c:\users\mizuno\documents\visual studio 2013\projects\locationprivacy\utils\debug\utils.tlog\link.read.1.tlog
c:\users\mizuno\documents\visual studio 2013\projects\locationprivacy\utils\debug\utils.tlog\link.write.1.tlog
c:\users\mizuno\documents\visual studio 2013\projects\locationprivacy\utils\debug\utils.tlog\utils.write.1u.tlog
